<?xml version="1.0" encoding="UTF-8"?>
<!-- Generated by org.testng.reporters.JUnitReportReporter -->
<testsuite hostname="IT37833" failures="0" tests="5" name="testCases.LoginDataDrivenTest" time="76.530" errors="0" timestamp="2023-04-13T17:01:07 IST" skipped="0">
  <testcase classname="testCases.LoginDataDrivenTest" name="loginDDT" time="16.422"/>
  <system-out/>
  <testcase classname="testCases.LoginDataDrivenTest" name="loginDDT" time="9.584"/>
  <system-out/>
  <testcase classname="testCases.LoginDataDrivenTest" name="loginDDT" time="16.213"/>
  <system-out/>
  <testcase classname="testCases.LoginDataDrivenTest" name="loginDDT" time="17.551"/>
  <system-out/>
  <testcase classname="testCases.LoginDataDrivenTest" name="loginDDT" time="16.760"/>
  <system-out/>
</testsuite> <!-- testCases.LoginDataDrivenTest -->
